<?xml version="1.0" encoding="UTF-8"?>
<testsuite name="it.unibo.deathnote.TestDeathNote" tests="1" skipped="0" failures="0" errors="0" timestamp="2024-11-13T03:38:57" hostname="MacBook-Air-di-christian.local" time="0.016">
  <properties/>
  <testcase name="Number0AndNegativeRulesDoNotExist()" classname="it.unibo.deathnote.TestDeathNote" time="0.016"/>
  <system-out><![CDATA[]]></system-out>
  <system-err><![CDATA[]]></system-err>
</testsuite>
